2022-06-27 17:33:47,527 [      1]   INFO -        #com.intellij.idea.Main - ------------------------------------------------------ IDE STARTED ------------------------------------------------------ 
2022-06-27 17:33:49,058 [   1532]   INFO -        #com.intellij.idea.Main - IDE: IntelliJ IDEA (build #IC-203.7717.56, 15 Mar 2021 17:46) 
2022-06-27 17:33:49,063 [   1537]   INFO -        #com.intellij.idea.Main - OS: Windows 10 (10.0, amd64) 
2022-06-27 17:33:49,129 [   1603]   INFO -        #com.intellij.idea.Main - JRE: 11.0.10+8-b1145.96 (JetBrains s.r.o.) 
2022-06-27 17:33:49,131 [   1605]   INFO -        #com.intellij.idea.Main - JVM: 11.0.10+8-b1145.96 (OpenJDK 64-Bit Server VM) 
2022-06-27 17:33:49,142 [   1616]   INFO -        #com.intellij.idea.Main - JVM Args: -Didea.auto.reload.plugins=true -Didea.classpath.index.enabled=false -Didea.config.path=C:\work\personly\pluginDemo\build\idea-sandbox\config -Didea.is.internal=true -Didea.platform.prefix=Idea -Didea.plugins.path=C:\work\personly\pluginDemo\build\idea-sandbox\plugins -Didea.required.plugins.id=com.rick.testPlugin -Didea.system.path=C:\work\personly\pluginDemo\build\idea-sandbox\system -Xms256m -Xmx512m -Dfile.encoding=GBK -Duser.country=CN -Duser.language=zh -Duser.variant -ea 
2022-06-27 17:33:49,149 [   1623]   INFO -        #com.intellij.idea.Main - library path: C:\Users\Rick\.gradle\caches\modules-2\files-2.1\com.jetbrains\jbre\jbr-11_0_10-windows-x64-b1145.96\jbr\bin;C:\Windows\Sun\Java\bin;C:\Windows\system32;C:\Windows;C:\Program Files (x86)\Common Files\Oracle\Java\javapath;C:\Windows\system32;C:\Windows;C:\Windows\System32\Wbem;C:\Windows\System32\WindowsPowerShell\v1.0\;C:\Windows\System32\OpenSSH\;C:\Program Files\dotnet\;C:\Program Files\Git\cmd;C:\Program Files\nodejs\;C:\ProgramData\chocolatey\bin;C:\Program Files (x86)\Yarn\bin\;C:\Program Files (x86)\Microsoft SQL Server\100\Tools\Binn\;C:\Program Files\Microsoft SQL Server\100\Tools\Binn\;C:\Program Files\Microsoft SQL Server\100\DTS\Binn\;C:\Program Files (x86)\Microsoft SQL Server\100\Tools\Binn\VSShell\Common7\IDE\;C:\Program Files (x86)\Microsoft Visual Studio 9.0\Common7\IDE\PrivateAssemblies\;C:\Program Files (x86)\Microsoft SQL Server\100\DTS\Binn\;C:\Program Files\PHP;C:\Program Files\oldArcanistAddlibphutil\bin;C:\work\gradle-7.4\bin;;C:\Program Files\Docker\Docker\resources\bin;C:\ProgramData\DockerDesktop\version-bin;C:\Users\Rick\AppData\Local\Microsoft\WindowsApps;C:\Users\Rick\AppData\Roaming\npm;C:\Users\Rick\AppData\Local\Yarn\bin;C:\Users\Rick\AppData\Local\Programs\Microsoft VS Code\bin;C:\Users\Rick\AppData\Local\gitkraken\bin;. 
2022-06-27 17:33:49,149 [   1623]   INFO -        #com.intellij.idea.Main - boot library path: C:\Users\Rick\.gradle\caches\modules-2\files-2.1\com.jetbrains\jbre\jbr-11_0_10-windows-x64-b1145.96\jbr\bin 
2022-06-27 17:33:49,376 [   1850]   INFO -        #com.intellij.idea.Main - locale=zh_CN JNU=GBK file.encoding=GBK
  idea.config.path=C:\work\personly\pluginDemo\build\idea-sandbox\config
  idea.system.path=C:\work\personly\pluginDemo\build\idea-sandbox\system
  idea.plugins.path=C:\work\personly\pluginDemo\build\idea-sandbox\plugins
  idea.log.path=C:\work\personly\pluginDemo\build\idea-sandbox\system/log 
2022-06-27 17:33:49,442 [   1916]   INFO - ntellij.idea.ApplicationLoader - CPU cores: 8; ForkJoinPool.commonPool: java.util.concurrent.ForkJoinPool@7a2207a7[Running, parallelism = 8, size = 0, active = 0, running = 0, steals = 0, tasks = 0, submissions = 0]; factory: com.intellij.concurrency.IdeaForkJoinWorkerThreadFactory@c3789da 
2022-06-27 17:33:54,584 [   7058]   INFO -        #com.intellij.idea.Main - JNA library (64-bit) loaded in 5207 ms 
2022-06-27 17:33:54,603 [   7077]   INFO - penapi.util.io.win32.IdeaWin32 - Native filesystem for Windows is operational 
2022-06-27 17:33:55,804 [   8278]   INFO - llij.ide.plugins.PluginManager - Plugin PluginDescriptor(name=Groovy, id=org.intellij.groovy, path=C:\Users\Rick\.gradle\caches\modules-2\files-2.1\com.jetbrains.intellij.idea\ideaIC\2020.3.3\3c2013f1573a11e93fff08e8ba758ddf4ed39717\ideaIC-2020.3.3\plugins\Groovy, version=203.7717.56) misses optional descriptor duplicates-groovy.xml 
2022-06-27 17:33:55,806 [   8280]   INFO - llij.ide.plugins.PluginManager - Plugin PluginDescriptor(name=Groovy, id=org.intellij.groovy, path=C:\Users\Rick\.gradle\caches\modules-2\files-2.1\com.jetbrains.intellij.idea\ideaIC\2020.3.3\3c2013f1573a11e93fff08e8ba758ddf4ed39717\ideaIC-2020.3.3\plugins\Groovy, version=203.7717.56) misses optional descriptor duplicates-detection-groovy.xml 
2022-06-27 17:33:55,956 [   8430]   INFO - llij.ide.plugins.PluginManager - Plugin PluginDescriptor(name=Java, id=com.intellij.java, path=C:\Users\Rick\.gradle\caches\modules-2\files-2.1\com.jetbrains.intellij.idea\ideaIC\2020.3.3\3c2013f1573a11e93fff08e8ba758ddf4ed39717\ideaIC-2020.3.3\plugins\java, version=203.7717.56) misses optional descriptor profiler-java.xml 
2022-06-27 17:33:56,586 [   9060]   INFO - llij.ide.plugins.PluginManager - Loaded bundled plugins: IDEA CORE (203.7717.56), Dependency Management Api for External Build Tools (203.7717.56), com.intellij.platform.images (203.7717.56), JetBrains maven model api classes (203.7717.56), JetBrains Repository Search (203.7717.56), Subversion (203.7717.56), XPathView + XSLT (203.7717.56), XSLT Debugger (203.7717.56), Smali Support (203.7717.56), Machine Learning Code Completion (203.7717.56), Configuration Script (203.7717.56), Copyright (203.7717.56), macOS Light Theme (203.7717.56), Windows 10 Light Theme (203.7717.56), Properties (203.7717.56), Gradle (203.7717.56), Gradle Dependency Updater Implementation (203.7717.56), Resource Bundle Editor (203.7717.56), Mercurial (203.7717.56), WebP Support (203.7717.56), EditorConfig (203.7717.56), Emoji Picker (203.7717.56), Terminal (203.7717.56), Git (203.7717.56), ChangeReminder (203.7717.56), Shell Script (203.7717.56), TextMate Bundles (203.7717.56), YAML (203.7717.56), Settings Repository (203.7717.56), IDE Features Trainer (203.7717.56), Java (203.7717.56), Ant (203.7717.56), Bytecode Viewer (203.7717.56), JUnit (203.7717.56), Lombok (203.7717.56), Java Internationalization (203.7717.56), UI Designer (203.7717.56), Java IDE Customization (203.7717.56), Java Stream Debugger (203.7717.56), Eclipse Interoperability (203.7717.56), Java Bytecode Decompiler (203.7717.56), JavaFX (203.7717.56), Task Management (203.7717.56), GitHub (203.7717.56), Next File Prediction (203.7717.56), IntelliLang (203.7717.56), TestNG (203.7717.56), Code Coverage for Java (203.7717.56), Groovy (203.7717.56), Maven (203.7717.56), Gradle-Java (203.7717.56), Plugin DevKit (203.7717.56), Gradle-Maven (203.7717.56), Gradle DSL API (203.7717.56), Kotlin (203-1.4.10-release-IJ7717.8), Gradle DSL Implementation For Kotlin (203.7717.56), Android (10.4.0.203.7717.56), Markdown (203.7717.56), Grazie (203.7717.56) 
2022-06-27 17:33:56,587 [   9061]   INFO - llij.ide.plugins.PluginManager - Loaded custom plugins: test name (1.0-SNAPSHOT) 
2022-06-27 17:33:58,756 [  11230]   INFO - m.intellij.util.io.StorageLock - lower=100; upper=492; buffer=10; max=492 
2022-06-27 17:33:58,939 [  11413]   INFO - intellij.diagnostic.JitWatcher - JIT compilation state checking enabled 
2022-06-27 17:33:59,001 [  11475]   WARN - j.internal.DebugAttachDetector - Unable to start DebugAttachDetector, please add `--add-exports java.base/jdk.internal.vm=ALL-UNNAMED` to VM options 
2022-06-27 17:33:59,005 [  11479]   WARN - pi.util.registry.RegistryValue - Attempt to load key 'ide.prioritize.threads' for not yet loaded registry 
java.lang.Throwable
	at com.intellij.openapi.util.registry.RegistryValue._get(RegistryValue.java:226)
	at com.intellij.openapi.util.registry.RegistryValue.get(RegistryValue.java:203)
	at com.intellij.openapi.util.registry.RegistryValue.calcBoolean(RegistryValue.java:69)
	at com.intellij.openapi.util.registry.RegistryValue.asBoolean(RegistryValue.java:62)
	at com.intellij.openapi.util.registry.Registry.is(Registry.java:63)
	at com.intellij.openapi.progress.impl.CoreProgressManager.computePrioritized(CoreProgressManager.java:761)
	at com.intellij.ide.IdeEventQueue.lambda$dispatchEvent$9(IdeEventQueue.java:453)
	at com.intellij.openapi.application.impl.ApplicationImpl.runIntendedWriteActionOnCurrentThread(ApplicationImpl.java:822)
	at com.intellij.ide.IdeEventQueue.dispatchEvent(IdeEventQueue.java:501)
	at java.desktop/java.awt.EventDispatchThread.pumpOneEventForFilters(EventDispatchThread.java:203)
	at java.desktop/java.awt.EventDispatchThread.pumpEventsForFilter(EventDispatchThread.java:124)
	at java.desktop/java.awt.EventDispatchThread.pumpEventsForHierarchy(EventDispatchThread.java:113)
	at java.desktop/java.awt.EventDispatchThread.pumpEvents(EventDispatchThread.java:109)
	at java.desktop/java.awt.EventDispatchThread.pumpEvents(EventDispatchThread.java:101)
	at java.desktop/java.awt.EventDispatchThread.run(EventDispatchThread.java:90)
2022-06-27 17:33:59,008 [  11482]   INFO - tellij.util.io.FileChannelUtil - uninterruptible FileChannels will be used for indexes 
2022-06-27 17:33:59,480 [  11954]   INFO - fs.newvfs.persistent.FSRecords - Marking VFS as corrupted: 'C:\work\personly\pluginDemo\build\idea-sandbox\system\caches\names.dat' does not exist 
2022-06-27 17:34:01,424 [  13898]   INFO - rains.ide.BuiltInServerManager - built-in server started, port 63344 
2022-06-27 17:34:01,511 [  13985]   INFO - til.net.ssl.CertificateManager - Default SSL context initialized 
2022-06-27 17:34:01,582 [  14056]   INFO - om.intellij.ui.scale.JBUIScale - System scale factor: 1.0 (IDE-managed HiDPI) 
2022-06-27 17:34:02,240 [  14714]   INFO -                         STDOUT - Starting searchable options index builder 
2022-06-27 17:34:02,836 [  15310]   INFO - penapi.application.Experiments - Experimental features enabled for user: wsl.p9.support, wsl.p9.show.roots.in.file.chooser, wsl.execute.with.wsl.exe, inline.browse.button, linux.native.menu, recent.and.edited.files.together, show.create.new.element.in.popup, search.everywhere.mixed.results, copy.reference.popup, i18n.match.actions, editor.reader.mode, edit.run.configurations.while.dumb, new.large.text.file.viewer, terminal.shell.command.handling, property.value.inplace.editing 
2022-06-27 17:34:02,946 [  15420]   INFO - stubs.SerializationManagerImpl - Name storage is repaired 
2022-06-27 17:34:05,800 [  18274]   INFO - pl.local.NativeFileWatcherImpl - Native file watcher is disabled 
2022-06-27 17:34:05,818 [  18292]   INFO - pi.vfs.impl.wsl.WslFileWatcher - WSL file watcher: C:\Users\Rick\.gradle\caches\modules-2\files-2.1\com.jetbrains.intellij.idea\ideaIC\2020.3.3\3c2013f1573a11e93fff08e8ba758ddf4ed39717\ideaIC-2020.3.3\bin\fsnotifier-wsl 
2022-06-27 17:34:08,219 [  20693]   INFO - com.intellij.ide.ui.UISettings - Loaded: fontSize=13, fontScale=1.0; restored: fontSize=13, fontScale=1.0 
2022-06-27 17:34:10,472 [  22946]   INFO - il.indexing.FileBasedIndexImpl - Indexes to be rebuilt after corruption:FilenameIndex(v = 3),FrameworkDetectionIndex(v = 65536),TodoIndex(v = 4107),IdIndex(v = 4113),filetypes(v = 3),Stubs(v = 46),Trigram.Index(v = 4099),fileIncludes(v = 6),DomFileIndex(v = 0),RelaxSymbolIndex(v = 0),XmlTagNames(v = 1),XmlNamespaces(v = 8),html5.custom.attributes.index(v = 1),SchemaTypeInheritance(v = 2),json.file.root.values(v = 5),XsltSymbolIndex(v = 0),xmlProperties(v = 2),editorconfig.index.name(v = 5),yaml.keys.name(v = 1),bytecodeAnalysis(v = 4107),java.auto.module.name(v = 5),java.source.module.name(v = 2),java.null.method.argument(v = 4097),java.fun.expression(v = 4102),java.binary.plus.expression(v = 4100),ant-imports(v = 5),LombokConfigIndex(v = 11),com.intellij.uiDesigner.FormClassIndex(v = 0),JavaFxControllerClassIndex(v = 1),javafx.id.name(v = 3),javafx.custom.component(v = 2),groovy.trait.fields(v = 5),groovy.trait.methods(v = 28),IdeaPluginRegistrationIndex(v = 3),PluginIdModuleIndex(v = 1),PluginIdDependenciesIndex(v = 2),devkit.ExtensionPointIndex(v = 0),devkit.ExtensionPointClassIndex(v = 1),org.jetbrains.kotlin.idea.versions.KotlinJvmMetadataVersionIndex(v = 5),org.jetbrains.kotlin.idea.versions.KotlinJsMetadataVersionIndex(v = 3),org.jetbrains.kotlin.idea.vfilefinder.KotlinClassFileIndex(v = 3),org.jetbrains.kotlin.idea.vfilefinder.KotlinJavaScriptMetaFileIndex(v = 4),org.jetbrains.kotlin.idea.vfilefinder.KotlinMetadataFileIndex(v = 1),org.jetbrains.kotlin.idea.vfilefinder.KotlinMetadataFilePackageIndex(v = 1),org.jetbrains.kotlin.idea.vfilefinder.KotlinModuleMappingIndex(v = 5),org.jetbrains.kotlin.idea.vfilefinder.KotlinPackageSourcesMemberNamesIndex(v = 2),org.jetbrains.kotlin.idea.vfilefinder.KotlinJvmModuleAnnotationsIndex(v = 1),org.jetbrains.kotlin.idea.vfilefinder.KlibMetaFileIndex(v = 4),org.jetbrains.kotlin.idea.script.ScriptTemplatesClassRootsIndex(v = 3),com.android.tools.idea.model.AndroidManifestIndex$Companion$NAME$1.NAME(v = 4),BindingXmlIndex(v = 8),MlModelFileIndex(v = 1) 
2022-06-27 17:34:10,484 [  22958]   INFO - leBasedIndexDataInitialization - Initialization done: 9113 
2022-06-27 17:34:11,019 [  23493]   INFO - tellij.psi.stubs.StubIndexImpl - Following stub indices will be built:dom.namespaceKey(v = 1),dom.elementClass(v = 0),properties.index(v = 2),gr.class.fqn(v = 1),gr.script.fqn(v = 2),gr.field.name(v = 2),gr.method.name(v = 2),gr.annot.method.name(v = 2),gr.annot.members(v = 2),gr.script.class(v = 2),gr.class.super(v = 2),gr.anonymous.class(v = 3),org.jetbrains.kotlin.idea.stubindex.KotlinExactPackagesIndex(v = 2),org.jetbrains.kotlin.idea.stubindex.KotlinTopLevelClassByPackageIndex(v = 2),org.jetbrains.kotlin.idea.stubindex.KotlinTopLevelFunctionByPackageIndex(v = 2),org.jetbrains.kotlin.idea.stubindex.KotlinTopLevelPropertyByPackageIndex(v = 2),org.jetbrains.kotlin.idea.stubindex.KotlinTopLevelTypeAliasByPackageIndex(v = 2),org.jetbrains.kotlin.idea.stubindex.KotlinClassShortNameIndex(v = 2),org.jetbrains.kotlin.idea.stubindex.KotlinFullClassNameIndex(v = 2),org.jetbrains.kotlin.idea.stubindex.KotlinPropertyShortNameIndex(v = 2),org.jetbrains.kotlin.idea.stubindex.KotlinFunctionShortNameIndex(v = 2),org.jetbrains.kotlin.idea.stubindex.KotlinTypeAliasShortNameIndex(v = 2),org.jetbrains.kotlin.idea.stubindex.KotlinSuperClassIndex(v = 2),org.jetbrains.kotlin.idea.stubindex.KotlinTopLevelFunctionFqnNameIndex(v = 2),org.jetbrains.kotlin.idea.stubindex.KotlinTopLevelPropertyFqnNameIndex(v = 2),org.jetbrains.kotlin.idea.stubindex.KotlinTopLevelTypeAliasFqNameIndex(v = 2),org.jetbrains.kotlin.idea.stubindex.KotlinTopLevelExtensionsByReceiverTypeIndex(v = 2),org.jetbrains.kotlin.idea.stubindex.KotlinAnnotationsIndex(v = 3),org.jetbrains.kotlin.idea.stubindex.KotlinProbablyNothingFunctionShortNameIndex(v = 2),org.jetbrains.kotlin.idea.stubindex.KotlinProbablyNothingPropertyShortNameIndex(v = 2),org.jetbrains.kotlin.idea.stubindex.KotlinProbablyContractedFunctionShortNameIndex(v = 2),org.jetbrains.kotlin.idea.stubindex.KotlinFileFacadeFqNameIndex(v = 2),org.jetbrains.kotlin.idea.stubindex.KotlinFilePartClassIndex(v = 2),org.jetbrains.kotlin.idea.stubindex.KotlinFileFacadeClassByPackageIndex(v = 2),org.jetbrains.kotlin.idea.stubindex.KotlinFileFacadeShortNameIndex(v = 2),org.jetbrains.kotlin.idea.stubindex.KotlinMultifileClassPartIndex(v = 2),org.jetbrains.kotlin.idea.stubindex.KotlinScriptFqnIndex(v = 2),org.jetbrains.kotlin.idea.stubindex.KotlinTypeAliasByExpansionShortNameIndex(v = 2),org.jetbrains.kotlin.idea.stubindex.KotlinOverridableInternalMembersShortNameIndex(v = 2),markdown.header(v = 2),java.annotations(v = 2),java.class.extlist(v = 3),java.field.name(v = 2),java.method.name(v = 2),jvm.static.member.name(v = 2),jvm.static.member.type(v = 2),java.anonymous.baseref(v = 2),java.method.parameter.types(v = 3),java.class.shortname(v = 4),java.class.fqn(v = 1),java.module.name(v = 4) 
2022-06-27 17:34:11,020 [  23494]   INFO - exImpl$StubIndexInitialization - Initialization done: 535 
2022-06-27 17:34:31,878 [  44352]   INFO - CompilerWorkspaceConfiguration - Available processors: 8 
2022-06-27 17:34:34,391 [  46865]   INFO -                         STDOUT - Searchable options index builder completed 
2022-06-27 17:34:34,461 [  46935]   INFO - .impl.FileTypeDetectionService - 0 auto-detected files. Detection took 0 ms 
2022-06-27 17:34:34,462 [  46936]   INFO - org.jetbrains.io.BuiltInServer - web server stopped 
2022-06-27 17:34:34,473 [  46947]   INFO - il.indexing.FileBasedIndexImpl - START INDEX SHUTDOWN 
2022-06-27 17:34:34,490 [  46964]   INFO - tellij.psi.stubs.StubIndexImpl - StubIndexExtension-s were unloaded 
2022-06-27 17:34:34,495 [  46969]   INFO - il.indexing.FileBasedIndexImpl - END INDEX SHUTDOWN 
2022-06-27 17:34:34,495 [  46969]   INFO - newvfs.persistent.PersistentFS - VFS dispose started 
2022-06-27 17:34:34,497 [  46971]   INFO - newvfs.persistent.PersistentFS - VFS dispose completed 
2022-06-27 17:34:34,497 [  46971]   INFO - stubs.SerializationManagerImpl - Start shutting down C:\work\personly\pluginDemo\build\idea-sandbox\system\index\rep.names 
2022-06-27 17:34:34,497 [  46971]   INFO - stubs.SerializationManagerImpl - Finished shutting down C:\work\personly\pluginDemo\build\idea-sandbox\system\index\rep.names 
2022-06-27 17:34:34,499 [  46973]   INFO - plication.impl.ApplicationImpl - Write action Statistics:
Event number:     1
Total time spent: 2ms
Average duration: 2ms
Median  duration: 0ms
Max     duration: 2ms (it was 'write action (class com.intellij.ui.EditorTextField$$Lambda$1446/0x000000010124c040)') 
2022-06-27 17:34:34,500 [  46974]   INFO - plication.impl.ApplicationImpl - AnAction.update() Statistics:
Event number:     0
Total time spent: 0ms
Average duration: 0ms
Median  duration: 0ms
Max     duration: 0ms (it was 'null') 
2022-06-27 17:34:34,501 [  46975]   INFO - plication.impl.ApplicationImpl - Global instance threads created counter = 11; ProcessIOExecutorService threads: 0 
2022-06-27 17:34:34,502 [  46976]  ERROR - tellij.openapi.util.ObjectTree - Memory leak detected: 'org.jetbrains.kotlin.idea.compiler.configuration.KotlinCompilerConfigurableTab@1c2e91d4' of class org.jetbrains.kotlin.idea.compiler.configuration.KotlinCompilerConfigurableTab
See the cause for the corresponding Disposer.register() stacktrace:
 
java.lang.RuntimeException: Memory leak detected: 'org.jetbrains.kotlin.idea.compiler.configuration.KotlinCompilerConfigurableTab@1c2e91d4' of class org.jetbrains.kotlin.idea.compiler.configuration.KotlinCompilerConfigurableTab
See the cause for the corresponding Disposer.register() stacktrace:

	at com.intellij.openapi.util.ObjectTree.assertIsEmpty(ObjectTree.java:223)
	at com.intellij.openapi.util.Disposer.assertIsEmpty(Disposer.java:156)
	at com.intellij.openapi.util.Disposer.assertIsEmpty(Disposer.java:151)
	at com.intellij.openapi.application.impl.ApplicationImpl.disposeContainer(ApplicationImpl.java:198)
	at com.intellij.openapi.application.impl.ApplicationImpl.disposeSelf(ApplicationImpl.java:215)
	at com.intellij.openapi.application.impl.ApplicationImpl.doExit(ApplicationImpl.java:621)
	at com.intellij.openapi.application.impl.ApplicationImpl.exit(ApplicationImpl.java:580)
	at com.intellij.openapi.application.impl.ApplicationImpl.exit(ApplicationImpl.java:569)
	at com.intellij.ide.ui.search.TraverseUIStarter.main(TraverseUIStarter.java:82)
	at com.intellij.idea.ApplicationLoader$startApp$8$1$1.run(ApplicationLoader.kt:245)
	at com.intellij.openapi.application.TransactionGuardImpl.performUserActivity(TransactionGuardImpl.java:95)
	at com.intellij.idea.ApplicationLoader$startApp$8$1.run(ApplicationLoader.kt:244)
	at com.intellij.openapi.application.TransactionGuardImpl.runWithWritingAllowed(TransactionGuardImpl.java:216)
	at com.intellij.openapi.application.TransactionGuardImpl.access$200(TransactionGuardImpl.java:24)
	at com.intellij.openapi.application.TransactionGuardImpl$2.run(TransactionGuardImpl.java:199)
	at com.intellij.openapi.application.impl.ApplicationImpl.runIntendedWriteActionOnCurrentThread(ApplicationImpl.java:822)
	at com.intellij.openapi.application.impl.ApplicationImpl.lambda$invokeLater$4(ApplicationImpl.java:324)
	at com.intellij.openapi.application.impl.FlushQueue.doRun(FlushQueue.java:85)
	at com.intellij.openapi.application.impl.FlushQueue.runNextEvent(FlushQueue.java:134)
	at com.intellij.openapi.application.impl.FlushQueue.flushNow(FlushQueue.java:47)
	at com.intellij.openapi.application.impl.FlushQueue$FlushNow.run(FlushQueue.java:190)
	at java.desktop/java.awt.event.InvocationEvent.dispatch(InvocationEvent.java:313)
	at java.desktop/java.awt.EventQueue.dispatchEventImpl(EventQueue.java:776)
	at java.desktop/java.awt.EventQueue$4.run(EventQueue.java:727)
	at java.desktop/java.awt.EventQueue$4.run(EventQueue.java:721)
	at java.base/java.security.AccessController.doPrivileged(Native Method)
	at java.base/java.security.ProtectionDomain$JavaSecurityAccessImpl.doIntersectionPrivilege(ProtectionDomain.java:85)
	at java.desktop/java.awt.EventQueue.dispatchEvent(EventQueue.java:746)
	at com.intellij.ide.IdeEventQueue.defaultDispatchEvent(IdeEventQueue.java:976)
	at com.intellij.ide.IdeEventQueue._dispatchEvent(IdeEventQueue.java:843)
	at com.intellij.ide.IdeEventQueue.lambda$dispatchEvent$8(IdeEventQueue.java:454)
	at com.intellij.openapi.progress.impl.CoreProgressManager.computePrioritized(CoreProgressManager.java:773)
	at com.intellij.ide.IdeEventQueue.lambda$dispatchEvent$9(IdeEventQueue.java:453)
	at com.intellij.openapi.application.impl.ApplicationImpl.runIntendedWriteActionOnCurrentThread(ApplicationImpl.java:822)
	at com.intellij.ide.IdeEventQueue.dispatchEvent(IdeEventQueue.java:501)
	at java.desktop/java.awt.EventDispatchThread.pumpOneEventForFilters(EventDispatchThread.java:203)
	at java.desktop/java.awt.EventDispatchThread.pumpEventsForFilter(EventDispatchThread.java:124)
	at java.desktop/java.awt.EventDispatchThread.pumpEventsForHierarchy(EventDispatchThread.java:113)
	at java.desktop/java.awt.EventDispatchThread.pumpEvents(EventDispatchThread.java:109)
	at java.desktop/java.awt.EventDispatchThread.pumpEvents(EventDispatchThread.java:101)
	at java.desktop/java.awt.EventDispatchThread.run(EventDispatchThread.java:90)
Caused by: java.lang.Throwable
	at com.intellij.openapi.util.ObjectNode.<init>(ObjectNode.java:31)
	at com.intellij.openapi.util.ObjectTree.createNodeFor(ObjectTree.java:99)
	at com.intellij.openapi.util.ObjectTree.register(ObjectTree.java:60)
	at com.intellij.openapi.util.Disposer.register(Disposer.java:73)
	at com.intellij.openapi.ui.ComponentValidator.installOn(ComponentValidator.java:154)
	at org.jetbrains.kotlin.idea.compiler.configuration.KotlinCompilerConfigurableTab.createVersionValidator(KotlinCompilerConfigurableTab.java:776)
	at org.jetbrains.kotlin.idea.compiler.configuration.KotlinCompilerConfigurableTab.createUIComponents(KotlinCompilerConfigurableTab.java:751)
	at org.jetbrains.kotlin.idea.compiler.configuration.KotlinCompilerConfigurableTab.$$$setupUI$$$(KotlinCompilerConfigurableTab.java)
	at org.jetbrains.kotlin.idea.compiler.configuration.KotlinCompilerConfigurableTab.<init>(KotlinCompilerConfigurableTab.java:131)
	at org.jetbrains.kotlin.idea.compiler.configuration.KotlinCompilerConfigurableTab.<init>(KotlinCompilerConfigurableTab.java:174)
	at java.base/jdk.internal.reflect.NativeConstructorAccessorImpl.newInstance0(Native Method)
	at java.base/jdk.internal.reflect.NativeConstructorAccessorImpl.newInstance(NativeConstructorAccessorImpl.java:62)
	at java.base/jdk.internal.reflect.DelegatingConstructorAccessorImpl.newInstance(DelegatingConstructorAccessorImpl.java:45)
	at java.base/java.lang.reflect.Constructor.newInstance(Constructor.java:490)
	at com.intellij.serviceContainer.ComponentManagerImpl.instantiateClass(ComponentManagerImpl.kt:704)
	at com.intellij.serviceContainer.ComponentManagerImpl.instantiateExtensionWithPicoContainerOnlyIfNeeded(ComponentManagerImpl.kt:754)
	at com.intellij.openapi.options.ConfigurableEP$ClassProducer.createElement(ConfigurableEP.java:425)
	at com.intellij.openapi.options.ConfigurableEP.createConfigurable(ConfigurableEP.java:332)
	at com.intellij.openapi.options.ex.ConfigurableWrapper.createConfigurable(ConfigurableWrapper.java:45)
	at com.intellij.openapi.options.ex.ConfigurableWrapper.getConfigurable(ConfigurableWrapper.java:119)
	at com.intellij.openapi.options.ex.ConfigurableWrapper.createComponent(ConfigurableWrapper.java:171)
	at com.intellij.ide.ui.search.SearchUtil.processConfigurables(SearchUtil.java:82)
	at com.intellij.ide.ui.search.SearchUtil.processProjectConfigurables(SearchUtil.java:52)
	at com.intellij.ide.ui.search.TraverseUIStarter.startup(TraverseUIStarter.java:98)
	at com.intellij.ide.ui.search.TraverseUIStarter.main(TraverseUIStarter.java:81)
	... 32 more
2022-06-27 17:34:34,503 [  46977]  ERROR - tellij.openapi.util.ObjectTree - IntelliJ IDEA 2020.3.3  Build #IC-203.7717.56 
2022-06-27 17:34:34,505 [  46979]  ERROR - tellij.openapi.util.ObjectTree - JDK: 11.0.10; VM: OpenJDK 64-Bit Server VM; Vendor: JetBrains s.r.o. 
2022-06-27 17:34:34,506 [  46980]  ERROR - tellij.openapi.util.ObjectTree - OS: Windows 10 
2022-06-27 17:34:34,506 [  46980]  ERROR - tellij.openapi.util.ObjectTree - Plugin to blame: Kotlin version: 203-1.4.10-release-IJ7717.8 
2022-06-27 17:34:34,507 [  46981]   INFO -        #com.intellij.idea.Main - ------------------------------------------------------ IDE SHUTDOWN ------------------------------------------------------ 
2022-06-27 17:34:34,510 [  46984]   INFO - org.jetbrains.io.BuiltInServer - web server stopped 
2022-06-27 17:35:06,609 [      0]   INFO -        #com.intellij.idea.Main - ------------------------------------------------------ IDE STARTED ------------------------------------------------------ 
2022-06-27 17:35:06,810 [    201]   INFO -        #com.intellij.idea.Main - IDE: IntelliJ IDEA (build #IC-203.7717.56, 15 Mar 2021 17:46) 
2022-06-27 17:35:06,814 [    205]   INFO -        #com.intellij.idea.Main - OS: Windows 10 (10.0, amd64) 
2022-06-27 17:35:06,825 [    216]   INFO -        #com.intellij.idea.Main - JRE: 11.0.10+8-b1145.96 (JetBrains s.r.o.) 
2022-06-27 17:35:06,825 [    216]   INFO -        #com.intellij.idea.Main - JVM: 11.0.10+8-b1145.96 (OpenJDK 64-Bit Server VM) 
2022-06-27 17:35:06,835 [    226]   INFO -        #com.intellij.idea.Main - JVM Args: -Didea.auto.reload.plugins=true -Didea.classpath.index.enabled=false -Didea.config.path=C:\work\personly\pluginDemo\build\idea-sandbox\config -Didea.is.internal=true -Didea.platform.prefix=Idea -Didea.plugins.path=C:\work\personly\pluginDemo\build\idea-sandbox\plugins -Didea.required.plugins.id=com.rick.testPlugin -Didea.system.path=C:\work\personly\pluginDemo\build\idea-sandbox\system -Xms256m -Xmx512m -Dfile.encoding=GBK -Duser.country=CN -Duser.language=zh -Duser.variant -ea 
2022-06-27 17:35:06,835 [    226]   INFO -        #com.intellij.idea.Main - library path: C:\Users\Rick\.gradle\caches\modules-2\files-2.1\com.jetbrains\jbre\jbr-11_0_10-windows-x64-b1145.96\jbr\bin;C:\Windows\Sun\Java\bin;C:\Windows\system32;C:\Windows;C:\Program Files (x86)\Common Files\Oracle\Java\javapath;C:\Windows\system32;C:\Windows;C:\Windows\System32\Wbem;C:\Windows\System32\WindowsPowerShell\v1.0\;C:\Windows\System32\OpenSSH\;C:\Program Files\dotnet\;C:\Program Files\Git\cmd;C:\Program Files\nodejs\;C:\ProgramData\chocolatey\bin;C:\Program Files (x86)\Yarn\bin\;C:\Program Files (x86)\Microsoft SQL Server\100\Tools\Binn\;C:\Program Files\Microsoft SQL Server\100\Tools\Binn\;C:\Program Files\Microsoft SQL Server\100\DTS\Binn\;C:\Program Files (x86)\Microsoft SQL Server\100\Tools\Binn\VSShell\Common7\IDE\;C:\Program Files (x86)\Microsoft Visual Studio 9.0\Common7\IDE\PrivateAssemblies\;C:\Program Files (x86)\Microsoft SQL Server\100\DTS\Binn\;C:\Program Files\PHP;C:\Program Files\oldArcanistAddlibphutil\bin;C:\work\gradle-7.4\bin;;C:\Program Files\Docker\Docker\resources\bin;C:\ProgramData\DockerDesktop\version-bin;C:\Users\Rick\AppData\Local\Microsoft\WindowsApps;C:\Users\Rick\AppData\Roaming\npm;C:\Users\Rick\AppData\Local\Yarn\bin;C:\Users\Rick\AppData\Local\Programs\Microsoft VS Code\bin;C:\Users\Rick\AppData\Local\gitkraken\bin;. 
2022-06-27 17:35:06,836 [    227]   INFO -        #com.intellij.idea.Main - boot library path: C:\Users\Rick\.gradle\caches\modules-2\files-2.1\com.jetbrains\jbre\jbr-11_0_10-windows-x64-b1145.96\jbr\bin 
2022-06-27 17:35:06,864 [    255]   INFO - ntellij.idea.ApplicationLoader - CPU cores: 8; ForkJoinPool.commonPool: java.util.concurrent.ForkJoinPool@18efb765[Running, parallelism = 8, size = 0, active = 0, running = 0, steals = 0, tasks = 0, submissions = 0]; factory: com.intellij.concurrency.IdeaForkJoinWorkerThreadFactory@1fc34f9f 
2022-06-27 17:35:06,877 [    268]   INFO -        #com.intellij.idea.Main - locale=zh_CN JNU=GBK file.encoding=GBK
  idea.config.path=C:\work\personly\pluginDemo\build\idea-sandbox\config
  idea.system.path=C:\work\personly\pluginDemo\build\idea-sandbox\system
  idea.plugins.path=C:\work\personly\pluginDemo\build\idea-sandbox\plugins
  idea.log.path=C:\work\personly\pluginDemo\build\idea-sandbox\system/log 
2022-06-27 17:35:07,400 [    791]   INFO -        #com.intellij.idea.Main - JNA library (64-bit) loaded in 522 ms 
2022-06-27 17:35:07,405 [    796]   INFO - penapi.util.io.win32.IdeaWin32 - Native filesystem for Windows is operational 
2022-06-27 17:35:07,583 [    974]   INFO - llij.ide.plugins.PluginManager - Plugin PluginDescriptor(name=Groovy, id=org.intellij.groovy, path=C:\Users\Rick\.gradle\caches\modules-2\files-2.1\com.jetbrains.intellij.idea\ideaIC\2020.3.3\3c2013f1573a11e93fff08e8ba758ddf4ed39717\ideaIC-2020.3.3\plugins\Groovy, version=203.7717.56) misses optional descriptor duplicates-groovy.xml 
2022-06-27 17:35:07,584 [    975]   INFO - llij.ide.plugins.PluginManager - Plugin PluginDescriptor(name=Groovy, id=org.intellij.groovy, path=C:\Users\Rick\.gradle\caches\modules-2\files-2.1\com.jetbrains.intellij.idea\ideaIC\2020.3.3\3c2013f1573a11e93fff08e8ba758ddf4ed39717\ideaIC-2020.3.3\plugins\Groovy, version=203.7717.56) misses optional descriptor duplicates-detection-groovy.xml 
2022-06-27 17:35:07,855 [   1246]   INFO - llij.ide.plugins.PluginManager - Plugin PluginDescriptor(name=Java, id=com.intellij.java, path=C:\Users\Rick\.gradle\caches\modules-2\files-2.1\com.jetbrains.intellij.idea\ideaIC\2020.3.3\3c2013f1573a11e93fff08e8ba758ddf4ed39717\ideaIC-2020.3.3\plugins\java, version=203.7717.56) misses optional descriptor profiler-java.xml 
2022-06-27 17:35:08,069 [   1460]   INFO - llij.ide.plugins.PluginManager - Loaded bundled plugins: IDEA CORE (203.7717.56), Dependency Management Api for External Build Tools (203.7717.56), com.intellij.platform.images (203.7717.56), JetBrains maven model api classes (203.7717.56), JetBrains Repository Search (203.7717.56), Subversion (203.7717.56), XPathView + XSLT (203.7717.56), XSLT Debugger (203.7717.56), Smali Support (203.7717.56), Machine Learning Code Completion (203.7717.56), Configuration Script (203.7717.56), Copyright (203.7717.56), macOS Light Theme (203.7717.56), Windows 10 Light Theme (203.7717.56), Properties (203.7717.56), Gradle (203.7717.56), Gradle Dependency Updater Implementation (203.7717.56), Resource Bundle Editor (203.7717.56), Mercurial (203.7717.56), WebP Support (203.7717.56), EditorConfig (203.7717.56), Emoji Picker (203.7717.56), Terminal (203.7717.56), Git (203.7717.56), ChangeReminder (203.7717.56), Shell Script (203.7717.56), TextMate Bundles (203.7717.56), YAML (203.7717.56), Settings Repository (203.7717.56), IDE Features Trainer (203.7717.56), Java (203.7717.56), Ant (203.7717.56), Bytecode Viewer (203.7717.56), JUnit (203.7717.56), Lombok (203.7717.56), Java Internationalization (203.7717.56), UI Designer (203.7717.56), Java IDE Customization (203.7717.56), Java Stream Debugger (203.7717.56), Eclipse Interoperability (203.7717.56), Java Bytecode Decompiler (203.7717.56), JavaFX (203.7717.56), Task Management (203.7717.56), GitHub (203.7717.56), Next File Prediction (203.7717.56), IntelliLang (203.7717.56), TestNG (203.7717.56), Code Coverage for Java (203.7717.56), Groovy (203.7717.56), Maven (203.7717.56), Gradle-Java (203.7717.56), Plugin DevKit (203.7717.56), Gradle-Maven (203.7717.56), Gradle DSL API (203.7717.56), Kotlin (203-1.4.10-release-IJ7717.8), Gradle DSL Implementation For Kotlin (203.7717.56), Android (10.4.0.203.7717.56), Markdown (203.7717.56), Grazie (203.7717.56) 
2022-06-27 17:35:08,069 [   1460]   INFO - llij.ide.plugins.PluginManager - Loaded custom plugins: test name (1.0-SNAPSHOT) 
2022-06-27 17:35:08,658 [   2049]   INFO - m.intellij.util.io.StorageLock - lower=100; upper=492; buffer=10; max=492 
2022-06-27 17:35:08,675 [   2066]   INFO - tellij.util.io.FileChannelUtil - uninterruptible FileChannels will be used for indexes 
2022-06-27 17:35:08,685 [   2076]   WARN - j.internal.DebugAttachDetector - Unable to start DebugAttachDetector, please add `--add-exports java.base/jdk.internal.vm=ALL-UNNAMED` to VM options 
2022-06-27 17:35:08,697 [   2088]   INFO - intellij.diagnostic.JitWatcher - JIT compilation state checking enabled 
2022-06-27 17:35:08,956 [   2347]   INFO - rains.ide.BuiltInServerManager - built-in server started, port 63344 
2022-06-27 17:35:09,084 [   2475]   INFO - til.net.ssl.CertificateManager - Default SSL context initialized 
2022-06-27 17:35:09,091 [   2482]   INFO -                         STDOUT - Starting searchable options index builder 
2022-06-27 17:35:09,176 [   2567]   INFO - om.intellij.ui.scale.JBUIScale - System scale factor: 1.0 (IDE-managed HiDPI) 
2022-06-27 17:35:09,389 [   2780]   INFO - penapi.application.Experiments - Experimental features enabled for user: wsl.p9.support, wsl.p9.show.roots.in.file.chooser, wsl.execute.with.wsl.exe, inline.browse.button, linux.native.menu, recent.and.edited.files.together, show.create.new.element.in.popup, search.everywhere.mixed.results, copy.reference.popup, i18n.match.actions, editor.reader.mode, edit.run.configurations.while.dumb, new.large.text.file.viewer, terminal.shell.command.handling, property.value.inplace.editing 
2022-06-27 17:35:11,078 [   4469]   INFO - pl.local.NativeFileWatcherImpl - Native file watcher is disabled 
2022-06-27 17:35:11,093 [   4484]   INFO - pi.vfs.impl.wsl.WslFileWatcher - WSL file watcher: C:\Users\Rick\.gradle\caches\modules-2\files-2.1\com.jetbrains.intellij.idea\ideaIC\2020.3.3\3c2013f1573a11e93fff08e8ba758ddf4ed39717\ideaIC-2020.3.3\bin\fsnotifier-wsl 
2022-06-27 17:35:12,257 [   5648]   INFO - com.intellij.ide.ui.UISettings - Loaded: fontSize=13, fontScale=1.0; restored: fontSize=13, fontScale=1.0 
2022-06-27 17:35:13,146 [   6537]   INFO - leBasedIndexDataInitialization - Initialization done: 4156 
2022-06-27 17:35:13,241 [   6632]   INFO - exImpl$StubIndexInitialization - Initialization done: 94 
2022-06-27 17:35:27,389 [  20780]   INFO - CompilerWorkspaceConfiguration - Available processors: 8 
2022-06-27 17:35:29,361 [  22752]   INFO -                         STDOUT - Searchable options index builder completed 
2022-06-27 17:35:29,454 [  22845]   INFO - .impl.FileTypeDetectionService - 0 auto-detected files. Detection took 0 ms 
2022-06-27 17:35:29,456 [  22847]   INFO - org.jetbrains.io.BuiltInServer - web server stopped 
2022-06-27 17:35:29,468 [  22859]   INFO - il.indexing.FileBasedIndexImpl - START INDEX SHUTDOWN 
2022-06-27 17:35:29,500 [  22891]   INFO - tellij.psi.stubs.StubIndexImpl - StubIndexExtension-s were unloaded 
2022-06-27 17:35:29,512 [  22903]   INFO - il.indexing.FileBasedIndexImpl - END INDEX SHUTDOWN 
2022-06-27 17:35:29,512 [  22903]   INFO - newvfs.persistent.PersistentFS - VFS dispose started 
2022-06-27 17:35:29,513 [  22904]   INFO - newvfs.persistent.PersistentFS - VFS dispose completed 
2022-06-27 17:35:29,514 [  22905]   INFO - stubs.SerializationManagerImpl - Start shutting down C:\work\personly\pluginDemo\build\idea-sandbox\system\index\rep.names 
2022-06-27 17:35:29,514 [  22905]   INFO - stubs.SerializationManagerImpl - Finished shutting down C:\work\personly\pluginDemo\build\idea-sandbox\system\index\rep.names 
2022-06-27 17:35:29,515 [  22906]   INFO - plication.impl.ApplicationImpl - Write action Statistics:
Event number:     1
Total time spent: 1ms
Average duration: 1ms
Median  duration: 0ms
Max     duration: 1ms (it was 'write action (class com.intellij.ui.EditorTextField$$Lambda$1433/0x0000000101245040)') 
2022-06-27 17:35:29,516 [  22907]   INFO - plication.impl.ApplicationImpl - AnAction.update() Statistics:
Event number:     0
Total time spent: 0ms
Average duration: 0ms
Median  duration: 0ms
Max     duration: 0ms (it was 'null') 
2022-06-27 17:35:29,517 [  22908]   INFO - plication.impl.ApplicationImpl - Global instance threads created counter = 11; ProcessIOExecutorService threads: 0 
2022-06-27 17:35:29,518 [  22909]  ERROR - tellij.openapi.util.ObjectTree - Memory leak detected: 'org.jetbrains.kotlin.idea.compiler.configuration.KotlinCompilerConfigurableTab@77a7c79d' of class org.jetbrains.kotlin.idea.compiler.configuration.KotlinCompilerConfigurableTab
See the cause for the corresponding Disposer.register() stacktrace:
 
java.lang.RuntimeException: Memory leak detected: 'org.jetbrains.kotlin.idea.compiler.configuration.KotlinCompilerConfigurableTab@77a7c79d' of class org.jetbrains.kotlin.idea.compiler.configuration.KotlinCompilerConfigurableTab
See the cause for the corresponding Disposer.register() stacktrace:

	at com.intellij.openapi.util.ObjectTree.assertIsEmpty(ObjectTree.java:223)
	at com.intellij.openapi.util.Disposer.assertIsEmpty(Disposer.java:156)
	at com.intellij.openapi.util.Disposer.assertIsEmpty(Disposer.java:151)
	at com.intellij.openapi.application.impl.ApplicationImpl.disposeContainer(ApplicationImpl.java:198)
	at com.intellij.openapi.application.impl.ApplicationImpl.disposeSelf(ApplicationImpl.java:215)
	at com.intellij.openapi.application.impl.ApplicationImpl.doExit(ApplicationImpl.java:621)
	at com.intellij.openapi.application.impl.ApplicationImpl.exit(ApplicationImpl.java:580)
	at com.intellij.openapi.application.impl.ApplicationImpl.exit(ApplicationImpl.java:569)
	at com.intellij.ide.ui.search.TraverseUIStarter.main(TraverseUIStarter.java:82)
	at com.intellij.idea.ApplicationLoader$startApp$8$1$1.run(ApplicationLoader.kt:245)
	at com.intellij.openapi.application.TransactionGuardImpl.performUserActivity(TransactionGuardImpl.java:95)
	at com.intellij.idea.ApplicationLoader$startApp$8$1.run(ApplicationLoader.kt:244)
	at com.intellij.openapi.application.TransactionGuardImpl.runWithWritingAllowed(TransactionGuardImpl.java:216)
	at com.intellij.openapi.application.TransactionGuardImpl.access$200(TransactionGuardImpl.java:24)
	at com.intellij.openapi.application.TransactionGuardImpl$2.run(TransactionGuardImpl.java:199)
	at com.intellij.openapi.application.impl.ApplicationImpl.runIntendedWriteActionOnCurrentThread(ApplicationImpl.java:822)
	at com.intellij.openapi.application.impl.ApplicationImpl.lambda$invokeLater$4(ApplicationImpl.java:324)
	at com.intellij.openapi.application.impl.FlushQueue.doRun(FlushQueue.java:85)
	at com.intellij.openapi.application.impl.FlushQueue.runNextEvent(FlushQueue.java:134)
	at com.intellij.openapi.application.impl.FlushQueue.flushNow(FlushQueue.java:47)
	at com.intellij.openapi.application.impl.FlushQueue$FlushNow.run(FlushQueue.java:190)
	at java.desktop/java.awt.event.InvocationEvent.dispatch(InvocationEvent.java:313)
	at java.desktop/java.awt.EventQueue.dispatchEventImpl(EventQueue.java:776)
	at java.desktop/java.awt.EventQueue$4.run(EventQueue.java:727)
	at java.desktop/java.awt.EventQueue$4.run(EventQueue.java:721)
	at java.base/java.security.AccessController.doPrivileged(Native Method)
	at java.base/java.security.ProtectionDomain$JavaSecurityAccessImpl.doIntersectionPrivilege(ProtectionDomain.java:85)
	at java.desktop/java.awt.EventQueue.dispatchEvent(EventQueue.java:746)
	at com.intellij.ide.IdeEventQueue.defaultDispatchEvent(IdeEventQueue.java:976)
	at com.intellij.ide.IdeEventQueue._dispatchEvent(IdeEventQueue.java:843)
	at com.intellij.ide.IdeEventQueue.lambda$dispatchEvent$8(IdeEventQueue.java:454)
	at com.intellij.openapi.progress.impl.CoreProgressManager.computePrioritized(CoreProgressManager.java:773)
	at com.intellij.ide.IdeEventQueue.lambda$dispatchEvent$9(IdeEventQueue.java:453)
	at com.intellij.openapi.application.impl.ApplicationImpl.runIntendedWriteActionOnCurrentThread(ApplicationImpl.java:822)
	at com.intellij.ide.IdeEventQueue.dispatchEvent(IdeEventQueue.java:501)
	at java.desktop/java.awt.EventDispatchThread.pumpOneEventForFilters(EventDispatchThread.java:203)
	at java.desktop/java.awt.EventDispatchThread.pumpEventsForFilter(EventDispatchThread.java:124)
	at java.desktop/java.awt.EventDispatchThread.pumpEventsForHierarchy(EventDispatchThread.java:113)
	at java.desktop/java.awt.EventDispatchThread.pumpEvents(EventDispatchThread.java:109)
	at java.desktop/java.awt.EventDispatchThread.pumpEvents(EventDispatchThread.java:101)
	at java.desktop/java.awt.EventDispatchThread.run(EventDispatchThread.java:90)
Caused by: java.lang.Throwable
	at com.intellij.openapi.util.ObjectNode.<init>(ObjectNode.java:31)
	at com.intellij.openapi.util.ObjectTree.createNodeFor(ObjectTree.java:99)
	at com.intellij.openapi.util.ObjectTree.register(ObjectTree.java:60)
	at com.intellij.openapi.util.Disposer.register(Disposer.java:73)
	at com.intellij.openapi.ui.ComponentValidator.installOn(ComponentValidator.java:154)
	at org.jetbrains.kotlin.idea.compiler.configuration.KotlinCompilerConfigurableTab.createVersionValidator(KotlinCompilerConfigurableTab.java:776)
	at org.jetbrains.kotlin.idea.compiler.configuration.KotlinCompilerConfigurableTab.createUIComponents(KotlinCompilerConfigurableTab.java:751)
	at org.jetbrains.kotlin.idea.compiler.configuration.KotlinCompilerConfigurableTab.$$$setupUI$$$(KotlinCompilerConfigurableTab.java)
	at org.jetbrains.kotlin.idea.compiler.configuration.KotlinCompilerConfigurableTab.<init>(KotlinCompilerConfigurableTab.java:131)
	at org.jetbrains.kotlin.idea.compiler.configuration.KotlinCompilerConfigurableTab.<init>(KotlinCompilerConfigurableTab.java:174)
	at java.base/jdk.internal.reflect.NativeConstructorAccessorImpl.newInstance0(Native Method)
	at java.base/jdk.internal.reflect.NativeConstructorAccessorImpl.newInstance(NativeConstructorAccessorImpl.java:62)
	at java.base/jdk.internal.reflect.DelegatingConstructorAccessorImpl.newInstance(DelegatingConstructorAccessorImpl.java:45)
	at java.base/java.lang.reflect.Constructor.newInstance(Constructor.java:490)
	at com.intellij.serviceContainer.ComponentManagerImpl.instantiateClass(ComponentManagerImpl.kt:704)
	at com.intellij.serviceContainer.ComponentManagerImpl.instantiateExtensionWithPicoContainerOnlyIfNeeded(ComponentManagerImpl.kt:754)
	at com.intellij.openapi.options.ConfigurableEP$ClassProducer.createElement(ConfigurableEP.java:425)
	at com.intellij.openapi.options.ConfigurableEP.createConfigurable(ConfigurableEP.java:332)
	at com.intellij.openapi.options.ex.ConfigurableWrapper.createConfigurable(ConfigurableWrapper.java:45)
	at com.intellij.openapi.options.ex.ConfigurableWrapper.getConfigurable(ConfigurableWrapper.java:119)
	at com.intellij.openapi.options.ex.ConfigurableWrapper.createComponent(ConfigurableWrapper.java:171)
	at com.intellij.ide.ui.search.SearchUtil.processConfigurables(SearchUtil.java:82)
	at com.intellij.ide.ui.search.SearchUtil.processProjectConfigurables(SearchUtil.java:52)
	at com.intellij.ide.ui.search.TraverseUIStarter.startup(TraverseUIStarter.java:98)
	at com.intellij.ide.ui.search.TraverseUIStarter.main(TraverseUIStarter.java:81)
	... 32 more
2022-06-27 17:35:29,520 [  22911]  ERROR - tellij.openapi.util.ObjectTree - IntelliJ IDEA 2020.3.3  Build #IC-203.7717.56 
2022-06-27 17:35:29,522 [  22913]  ERROR - tellij.openapi.util.ObjectTree - JDK: 11.0.10; VM: OpenJDK 64-Bit Server VM; Vendor: JetBrains s.r.o. 
2022-06-27 17:35:29,522 [  22913]  ERROR - tellij.openapi.util.ObjectTree - OS: Windows 10 
2022-06-27 17:35:29,523 [  22914]  ERROR - tellij.openapi.util.ObjectTree - Plugin to blame: Kotlin version: 203-1.4.10-release-IJ7717.8 
2022-06-27 17:35:29,524 [  22915]   INFO -        #com.intellij.idea.Main - ------------------------------------------------------ IDE SHUTDOWN ------------------------------------------------------ 
2022-06-27 17:35:29,526 [  22917]   INFO - org.jetbrains.io.BuiltInServer - web server stopped 
